Traceback (most recent call last):
  File "/usr/share/miniconda/envs/test/lib/python3.10/site-packages/jupyter_cache/executors/utils.py", line 58, in single_nb_execution
    executenb(
  File "/usr/share/miniconda/envs/test/lib/python3.10/site-packages/nbclient/client.py", line 1314, in execute
    return NotebookClient(nb=nb, resources=resources, km=km, **kwargs).execute()
  File "/usr/share/miniconda/envs/test/lib/python3.10/site-packages/jupyter_core/utils/__init__.py", line 165, in wrapped
    return loop.run_until_complete(inner)
  File "/usr/share/miniconda/envs/test/lib/python3.10/asyncio/base_events.py", line 649, in run_until_complete
    return future.result()
  File "/usr/share/miniconda/envs/test/lib/python3.10/site-packages/nbclient/client.py", line 709, in async_execute
    await self.async_execute_cell(
  File "/usr/share/miniconda/envs/test/lib/python3.10/site-packages/nbclient/client.py", line 1062, in async_execute_cell
    await self._check_raise_for_error(cell, cell_index, exec_reply)
  File "/usr/share/miniconda/envs/test/lib/python3.10/site-packages/nbclient/client.py", line 918, in _check_raise_for_error
    raise CellExecutionError.from_cell_and_msg(cell, exec_reply_content)
nbclient.exceptions.CellExecutionError: An error occurred while executing the following cell:
------------------
%load_ext autoreload
%autoreload 2
from insider_eda.eda_base import Exploratory_data_analysis
------------------


[0;31m---------------------------------------------------------------------------[0m
[0;31mValueError[0m                                Traceback (most recent call last)
Cell [0;32mIn[2], line 3[0m
[1;32m      1[0m get_ipython()[38;5;241m.[39mrun_line_magic([38;5;124m'[39m[38;5;124mload_ext[39m[38;5;124m'[39m, [38;5;124m'[39m[38;5;124mautoreload[39m[38;5;124m'[39m)
[1;32m      2[0m get_ipython()[38;5;241m.[39mrun_line_magic([38;5;124m'[39m[38;5;124mautoreload[39m[38;5;124m'[39m, [38;5;124m'[39m[38;5;124m2[39m[38;5;124m'[39m)
[0;32m----> 3[0m [38;5;28;01mfrom[39;00m [38;5;21;01minsider_eda[39;00m[38;5;21;01m.[39;00m[38;5;21;01meda_base[39;00m [38;5;28;01mimport[39;00m Exploratory_data_analysis

File [0;32m~/work/InsiderTrader/InsiderTrader/src/insider_eda/eda_base.py:8[0m
[1;32m      6[0m [38;5;28;01mimport[39;00m [38;5;21;01mmatplotlib[39;00m[38;5;21;01m.[39;00m[38;5;21;01mpyplot[39;00m [38;5;28;01mas[39;00m [38;5;21;01mplt[39;00m
[1;32m      7[0m [38;5;28;01mimport[39;00m [38;5;21;01mnumpy[39;00m [38;5;28;01mas[39;00m [38;5;21;01mnp[39;00m
[0;32m----> 8[0m [38;5;28;01mimport[39;00m [38;5;21;01mpandas[39;00m [38;5;28;01mas[39;00m [38;5;21;01mpd[39;00m
[1;32m      9[0m [38;5;28;01mimport[39;00m [38;5;21;01mplotly[39;00m[38;5;21;01m.[39;00m[38;5;21;01mgraph_objects[39;00m [38;5;28;01mas[39;00m [38;5;21;01mgo[39;00m
[1;32m     10[0m [38;5;28;01mimport[39;00m [38;5;21;01mseaborn[39;00m [38;5;28;01mas[39;00m [38;5;21;01msns[39;00m

File [0;32m/usr/share/miniconda/envs/test/lib/python3.10/site-packages/pandas/__init__.py:22[0m
[1;32m     19[0m [38;5;28;01mdel[39;00m _hard_dependencies, _dependency, _missing_dependencies
[1;32m     21[0m [38;5;66;03m# numpy compat[39;00m
[0;32m---> 22[0m [38;5;28;01mfrom[39;00m [38;5;21;01mpandas[39;00m[38;5;21;01m.[39;00m[38;5;21;01mcompat[39;00m [38;5;28;01mimport[39;00m is_numpy_dev [38;5;28;01mas[39;00m _is_numpy_dev  [38;5;66;03m# pyright: ignore # noqa:F401[39;00m
[1;32m     24[0m [38;5;28;01mtry[39;00m:
[1;32m     25[0m     [38;5;28;01mfrom[39;00m [38;5;21;01mpandas[39;00m[38;5;21;01m.[39;00m[38;5;21;01m_libs[39;00m [38;5;28;01mimport[39;00m hashtable [38;5;28;01mas[39;00m _hashtable, lib [38;5;28;01mas[39;00m _lib, tslib [38;5;28;01mas[39;00m _tslib

File [0;32m/usr/share/miniconda/envs/test/lib/python3.10/site-packages/pandas/compat/__init__.py:18[0m
[1;32m     15[0m [38;5;28;01mfrom[39;00m [38;5;21;01mtyping[39;00m [38;5;28;01mimport[39;00m TYPE_CHECKING
[1;32m     17[0m [38;5;28;01mfrom[39;00m [38;5;21;01mpandas[39;00m[38;5;21;01m.[39;00m[38;5;21;01m_typing[39;00m [38;5;28;01mimport[39;00m F
[0;32m---> 18[0m [38;5;28;01mfrom[39;00m [38;5;21;01mpandas[39;00m[38;5;21;01m.[39;00m[38;5;21;01mcompat[39;00m[38;5;21;01m.[39;00m[38;5;21;01mnumpy[39;00m [38;5;28;01mimport[39;00m (
[1;32m     19[0m     is_numpy_dev,
[1;32m     20[0m     np_version_under1p21,
[1;32m     21[0m )
[1;32m     22[0m [38;5;28;01mfrom[39;00m [38;5;21;01mpandas[39;00m[38;5;21;01m.[39;00m[38;5;21;01mcompat[39;00m[38;5;21;01m.[39;00m[38;5;21;01mpyarrow[39;00m [38;5;28;01mimport[39;00m (
[1;32m     23[0m     pa_version_under1p01,
[1;32m     24[0m     pa_version_under2p0,
[0;32m   (...)[0m
[1;32m     31[0m     pa_version_under9p0,
[1;32m     32[0m )
[1;32m     34[0m [38;5;28;01mif[39;00m TYPE_CHECKING:

File [0;32m/usr/share/miniconda/envs/test/lib/python3.10/site-packages/pandas/compat/numpy/__init__.py:4[0m
[1;32m      1[0m [38;5;124;03m""" support numpy compatibility across versions """[39;00m
[1;32m      2[0m [38;5;28;01mimport[39;00m [38;5;21;01mnumpy[39;00m [38;5;28;01mas[39;00m [38;5;21;01mnp[39;00m
[0;32m----> 4[0m [38;5;28;01mfrom[39;00m [38;5;21;01mpandas[39;00m[38;5;21;01m.[39;00m[38;5;21;01mutil[39;00m[38;5;21;01m.[39;00m[38;5;21;01mversion[39;00m [38;5;28;01mimport[39;00m Version
[1;32m      6[0m [38;5;66;03m# numpy versioning[39;00m
[1;32m      7[0m _np_version [38;5;241m=[39m np[38;5;241m.[39m__version__

File [0;32m/usr/share/miniconda/envs/test/lib/python3.10/site-packages/pandas/util/__init__.py:2[0m
[1;32m      1[0m [38;5;66;03m# pyright: reportUnusedImport = false[39;00m
[0;32m----> 2[0m [38;5;28;01mfrom[39;00m [38;5;21;01mpandas[39;00m[38;5;21;01m.[39;00m[38;5;21;01mutil[39;00m[38;5;21;01m.[39;00m[38;5;21;01m_decorators[39;00m [38;5;28;01mimport[39;00m (  [38;5;66;03m# noqa:F401[39;00m
[1;32m      3[0m     Appender,
[1;32m      4[0m     Substitution,
[1;32m      5[0m     cache_readonly,
[1;32m      6[0m )
[1;32m      8[0m [38;5;28;01mfrom[39;00m [38;5;21;01mpandas[39;00m[38;5;21;01m.[39;00m[38;5;21;01mcore[39;00m[38;5;21;01m.[39;00m[38;5;21;01mutil[39;00m[38;5;21;01m.[39;00m[38;5;21;01mhashing[39;00m [38;5;28;01mimport[39;00m (  [38;5;66;03m# noqa:F401[39;00m
[1;32m      9[0m     hash_array,
[1;32m     10[0m     hash_pandas_object,
[1;32m     11[0m )
[1;32m     14[0m [38;5;28;01mdef[39;00m [38;5;21m__getattr__[39m(name):

File [0;32m/usr/share/miniconda/envs/test/lib/python3.10/site-packages/pandas/util/_decorators.py:14[0m
[1;32m      6[0m [38;5;28;01mfrom[39;00m [38;5;21;01mtyping[39;00m [38;5;28;01mimport[39;00m (
[1;32m      7[0m     Any,
[1;32m      8[0m     Callable,
[1;32m      9[0m     Mapping,
[1;32m     10[0m     cast,
[1;32m     11[0m )
[1;32m     12[0m [38;5;28;01mimport[39;00m [38;5;21;01mwarnings[39;00m
[0;32m---> 14[0m [38;5;28;01mfrom[39;00m [38;5;21;01mpandas[39;00m[38;5;21;01m.[39;00m[38;5;21;01m_libs[39;00m[38;5;21;01m.[39;00m[38;5;21;01mproperties[39;00m [38;5;28;01mimport[39;00m cache_readonly
[1;32m     15[0m [38;5;28;01mfrom[39;00m [38;5;21;01mpandas[39;00m[38;5;21;01m.[39;00m[38;5;21;01m_typing[39;00m [38;5;28;01mimport[39;00m (
[1;32m     16[0m     F,
[1;32m     17[0m     T,
[1;32m     18[0m )
[1;32m     19[0m [38;5;28;01mfrom[39;00m [38;5;21;01mpandas[39;00m[38;5;21;01m.[39;00m[38;5;21;01mutil[39;00m[38;5;21;01m.[39;00m[38;5;21;01m_exceptions[39;00m [38;5;28;01mimport[39;00m find_stack_level

File [0;32m/usr/share/miniconda/envs/test/lib/python3.10/site-packages/pandas/_libs/__init__.py:13[0m
[1;32m      1[0m __all__ [38;5;241m=[39m [
[1;32m      2[0m     [38;5;124m"[39m[38;5;124mNaT[39m[38;5;124m"[39m,
[1;32m      3[0m     [38;5;124m"[39m[38;5;124mNaTType[39m[38;5;124m"[39m,
[0;32m   (...)[0m
[1;32m      9[0m     [38;5;124m"[39m[38;5;124mInterval[39m[38;5;124m"[39m,
[1;32m     10[0m ]
[0;32m---> 13[0m [38;5;28;01mfrom[39;00m [38;5;21;01mpandas[39;00m[38;5;21;01m.[39;00m[38;5;21;01m_libs[39;00m[38;5;21;01m.[39;00m[38;5;21;01minterval[39;00m [38;5;28;01mimport[39;00m Interval
[1;32m     14[0m [38;5;28;01mfrom[39;00m [38;5;21;01mpandas[39;00m[38;5;21;01m.[39;00m[38;5;21;01m_libs[39;00m[38;5;21;01m.[39;00m[38;5;21;01mtslibs[39;00m [38;5;28;01mimport[39;00m (
[1;32m     15[0m     NaT,
[1;32m     16[0m     NaTType,
[0;32m   (...)[0m
[1;32m     21[0m     iNaT,
[1;32m     22[0m )

File [0;32m/usr/share/miniconda/envs/test/lib/python3.10/site-packages/pandas/_libs/interval.pyx:1[0m, in [0;36minit pandas._libs.interval[0;34m()[0m

[0;31mValueError[0m: numpy.dtype size changed, may indicate binary incompatibility. Expected 96 from C header, got 88 from PyObject

